[0529/093653.451:ERROR:settings.cc(320)] Settings magic is not 1129342067
[0618/101337.460:ERROR:settings.cc(320)] Settings magic is not 1129342067
[0629/215027.868:ERROR:process_reader_win.cc(151)] SuspendThread: Access is denied. (0x5)
[0629/215028.978:ERROR:process_reader_win.cc(151)] SuspendThread: Access is denied. (0x5)
[0629/215028.978:ERROR:process_reader_win.cc(151)] SuspendThread: Access is denied. (0x5)
[0629/215028.978:ERROR:process_reader_win.cc(151)] SuspendThread: Access is denied. (0x5)
[0629/215028.978:ERROR:process_reader_win.cc(151)] SuspendThread: Access is denied. (0x5)
[0629/215028.978:ERROR:process_reader_win.cc(151)] SuspendThread: Access is denied. (0x5)
[0629/215028.978:ERROR:process_reader_win.cc(151)] SuspendThread: Access is denied. (0x5)
[0629/215028.978:ERROR:process_reader_win.cc(151)] SuspendThread: Access is denied. (0x5)
[0629/215028.978:ERROR:process_reader_win.cc(151)] SuspendThread: Access is denied. (0x5)
[0629/215028.978:ERROR:process_reader_win.cc(151)] SuspendThread: Access is denied. (0x5)
[0629/215028.978:ERROR:process_reader_win.cc(151)] SuspendThread: Access is denied. (0x5)
[0629/215028.978:ERROR:process_reader_win.cc(151)] SuspendThread: Access is denied. (0x5)
[0629/215027.868:ERROR:process_reader_win.cc(151)] SuspendThread: Access is denied. (0x5)
[0629/215027.868:ERROR:process_reader_win.cc(151)] SuspendThread: Access is denied. (0x5)
[0629/215028.993:ERROR:process_reader_win.cc(151)] SuspendThread: Access is denied. (0x5)
[0629/215028.993:ERROR:process_reader_win.cc(151)] SuspendThread: Access is denied. (0x5)
[0629/215028.993:ERROR:process_reader_win.cc(151)] SuspendThread: Access is denied. (0x5)
[0629/215028.993:ERROR:process_reader_win.cc(151)] SuspendThread: Access is denied. (0x5)
[0629/215028.993:ERROR:process_reader_win.cc(151)] SuspendThread: Access is denied. (0x5)
[0629/215028.993:ERROR:process_reader_win.cc(151)] SuspendThread: Access is denied. (0x5)
[0629/215028.993:ERROR:process_reader_win.cc(151)] SuspendThread: Access is denied. (0x5)
[0629/215028.993:ERROR:process_reader_win.cc(151)] SuspendThread: Access is denied. (0x5)
[0629/215028.993:ERROR:process_reader_win.cc(151)] SuspendThread: Access is denied. (0x5)
[0629/215028.993:ERROR:process_reader_win.cc(151)] SuspendThread: Access is denied. (0x5)
[0629/215028.993:ERROR:process_reader_win.cc(151)] SuspendThread: Access is denied. (0x5)
[0629/215028.993:ERROR:process_reader_win.cc(151)] SuspendThread: Access is denied. (0x5)
[0629/215028.993:ERROR:process_reader_win.cc(151)] SuspendThread: Access is denied. (0x5)
[0629/215028.993:ERROR:process_reader_win.cc(151)] SuspendThread: Access is denied. (0x5)
[0629/215028.993:ERROR:process_reader_win.cc(151)] SuspendThread: Access is denied. (0x5)
[0629/215028.993:ERROR:process_reader_win.cc(151)] SuspendThread: Access is denied. (0x5)
[0629/215028.993:ERROR:process_reader_win.cc(151)] SuspendThread: Access is denied. (0x5)
[0629/215028.993:ERROR:process_reader_win.cc(151)] SuspendThread: Access is denied. (0x5)
[0629/215028.993:ERROR:process_reader_win.cc(151)] SuspendThread: Access is denied. (0x5)
[0629/215028.978:ERROR:process_reader_win.cc(123)] NtOpenThread: {Access Denied} A process has requested access to an object, but has not been granted those access rights. (0xc0000022)
[0629/215028.993:ERROR:process_reader_win.cc(123)] NtOpenThread: {Access Denied} A process has requested access to an object, but has not been granted those access rights. (0xc0000022)
[0629/215028.993:ERROR:process_reader_win.cc(123)] NtOpenThread: {Access Denied} A process has requested access to an object, but has not been granted those access rights. (0xc0000022)
[0629/215029.634:ERROR:exception_snapshot_win.cc(98)] thread ID 7788 not found in process
[0629/215029.634:ERROR:exception_snapshot_win.cc(98)] thread ID 8084 not found in process
[0629/215029.634:ERROR:exception_snapshot_win.cc(98)] thread ID 8172 not found in process
[0921/171818.451:ERROR:process_info.cc(329)] VirtualQueryEx: Access is denied. (0x5)
[0921/171818.452:ERROR:process_info.cc(556)] ReadMemoryInfo failed
[0921/171818.452:ERROR:scoped_process_suspend.cc(40)] NtResumeProcess: An attempt was made to access an exiting process. (0xc000010a)
[1003/203550.672:ERROR:settings.cc(320)] Settings magic is not 1129342067
[1027/103300.868:ERROR:settings.cc(320)] Settings magic is not 1129342067
[1027/104300.873:ERROR:directory_reader_win.cc(43)] FindFirstFile: The system cannot find the path specified. (0x3)
[1029/102350.641:ERROR:directory_reader_win.cc(43)] FindFirstFile: The system cannot find the path specified. (0x3)
[1111/112304.014:ERROR:directory_reader_win.cc(43)] FindFirstFile: The system cannot find the path specified. (0x3)
[1111/213700.648:ERROR:directory_reader_win.cc(43)] FindFirstFile: The system cannot find the path specified. (0x3)
[1112/100544.787:ERROR:directory_reader_win.cc(43)] FindFirstFile: The system cannot find the path specified. (0x3)
[1114/113920.597:ERROR:directory_reader_win.cc(43)] FindFirstFile: The system cannot find the path specified. (0x3)
[1116/102015.989:ERROR:directory_reader_win.cc(43)] FindFirstFile: The system cannot find the path specified. (0x3)
[1117/104342.072:ERROR:directory_reader_win.cc(43)] FindFirstFile: The system cannot find the path specified. (0x3)
[1118/102234.790:ERROR:directory_reader_win.cc(43)] FindFirstFile: The system cannot find the path specified. (0x3)
[1204/130359.341:ERROR:directory_reader_win.cc(43)] FindFirstFile: The system cannot find the path specified. (0x3)
[1207/102648.628:ERROR:directory_reader_win.cc(43)] FindFirstFile: The system cannot find the path specified. (0x3)
[1208/123612.551:ERROR:directory_reader_win.cc(43)] FindFirstFile: The system cannot find the path specified. (0x3)
[1209/094343.352:ERROR:directory_reader_win.cc(43)] FindFirstFile: The system cannot find the path specified. (0x3)
[1211/101551.310:ERROR:directory_reader_win.cc(43)] FindFirstFile: The system cannot find the path specified. (0x3)
[1211/195511.575:ERROR:directory_reader_win.cc(43)] FindFirstFile: The system cannot find the path specified. (0x3)
[1214/094309.493:ERROR:directory_reader_win.cc(43)] FindFirstFile: The system cannot find the path specified. (0x3)
[1215/101427.957:ERROR:directory_reader_win.cc(43)] FindFirstFile: The system cannot find the path specified. (0x3)
